<?xml version="1.0" encoding="UTF-8"?>
<!-- Generated by org.testng.reporters.JUnitReportReporter -->
<testsuite skipped="0" hostname="Alain-workstation" name="util.PracticalExam" tests="1" failures="0" timestamp="2021-07-07T18:57:44 CDT" time="12.413" errors="0">
  <testcase name="launchBrowser" time="12.413" classname="util.PracticalExam"/>
  <system-out/>
</testsuite> <!-- util.PracticalExam -->
