<?xml version="1.0" encoding="UTF-8"?>
<!-- Generated by org.testng.reporters.JUnitReportReporter -->
<testsuite skipped="0" hostname="Alain-workstation" name="toggle_all_check_box_testing.all_boxAND_remove_testing" tests="1" failures="0" timestamp="2021-07-08T15:50:26 CDT" time="20.245" errors="0">
  <testcase name="all_boxAND_remove_tester" time="20.245" classname="toggle_all_check_box_testing.all_boxAND_remove_testing"/>
  <system-out/>
</testsuite> <!-- toggle_all_check_box_testing.all_boxAND_remove_testing -->
