<?xml version="1.0" encoding="UTF-8"?>
<!-- Generated by org.testng.reporters.JUnitReportReporter -->
<testsuite skipped="0" hostname="Alain-workstation" name="toggle_all_check_box_testing.All_box_testing" tests="1" failures="0" timestamp="2021-07-08T15:25:25 CDT" time="20.900" errors="0">
  <testcase name="all_box_tester" time="20.900" classname="toggle_all_check_box_testing.All_box_testing"/>
  <system-out/>
</testsuite> <!-- toggle_all_check_box_testing.All_box_testing -->
